Running php-build composer
WARNING! Your password will be stored unencrypted in /home/runner/.docker/config.json.
Configure a credential helper to remove this warning. See
https://docs.docker.com/engine/reference/commandline/login/#credentials-store

Login Succeeded
Pulling docker.pkg.github.com/marcosoliveeira1/desafio-api-azapfy/php-actions_composer_desafio-api-azapfy:php-latest-build2.1.0
Error response from daemon: manifest unknown
Dockerfile:
FROM php:cli-alpine
RUN apk add --update --no-cache bash coreutils git make openssh patch unzip zip
#0 building with "default" instance using docker driver

#1 [internal] load build definition from Dockerfile-php-build
#1 transferring dockerfile: 147B done
#1 DONE 0.0s

#2 [internal] load .dockerignore
#2 transferring context: 2B done
#2 DONE 0.0s

#3 [auth] library/php:pull token for registry-1.docker.io
#3 DONE 0.0s

#4 [internal] load metadata for docker.io/library/php:cli-alpine
#4 DONE 0.4s

#5 [1/2] FROM docker.io/library/php:cli-alpine@sha256:e0bf4d280c5210f9e970700dfbe153fa6688385b4d6375902fc957d81a04df1b
#5 DONE 0.0s

#6 importing cache manifest from docker.pkg.github.com/marcosoliveeira1/desafio-api-azapfy/php-actions_composer_desafio-api-azapfy:php-latest-build2.1.0
#6 ERROR: failed to configure registry cache importer: pulling from host docker.pkg.github.com failed with status code [manifests php-latest-build2.1.0]: 401 Unauthorized

#5 [1/2] FROM docker.io/library/php:cli-alpine@sha256:e0bf4d280c5210f9e970700dfbe153fa6688385b4d6375902fc957d81a04df1b
#5 resolve docker.io/library/php:cli-alpine@sha256:e0bf4d280c5210f9e970700dfbe153fa6688385b4d6375902fc957d81a04df1b done
#5 extracting sha256:61eb5622fa41e7d9451865eeadb9858807e2359c9787e86c9084078c65c7367f
#5 sha256:e0bf4d280c5210f9e970700dfbe153fa6688385b4d6375902fc957d81a04df1b 1.65kB / 1.65kB done
#5 sha256:136c85802cf21da77578e61607e33722f626486a98c91a2045431298583b15e6 2.20kB / 2.20kB done
#5 sha256:c0c996edc47f00bd158de98854a6e4da1375dd683b156fdb4c090322c8703b70 8.98kB / 8.98kB done
#5 sha256:802431d360de8be26d17059e07cf6636e5d549b0beeb9db464d3a916bc093afc 269B / 269B 0.0s done
#5 sha256:d132dbf34bcbbba79f47e66f72f35b083bf52fdc8e1524e6d54164a4d3fdc0ca 0B / 12.45MB 0.1s
#5 sha256:6bb0b8406d0818c290623f552cdab00e118327a4ad23574ca7c14a09941088d4 0B / 19.99MB 0.1s
#5 sha256:61eb5622fa41e7d9451865eeadb9858807e2359c9787e86c9084078c65c7367f 2.68MB / 2.68MB 0.1s done
#5 sha256:587160738cca0d7e2afbad4e319bf69a2e5e51250de0bbb96546aa3a8754f814 1.26kB / 1.26kB 0.1s done
#5 sha256:6d25fc62c2b3e70d09352c2014d1730e483510fccd13f162ef0dcf087de2a099 0B / 499B 0.1s
#5 extracting sha256:61eb5622fa41e7d9451865eeadb9858807e2359c9787e86c9084078c65c7367f 0.1s done
#5 sha256:d132dbf34bcbbba79f47e66f72f35b083bf52fdc8e1524e6d54164a4d3fdc0ca 9.90MB / 12.45MB 0.2s
#5 sha256:6bb0b8406d0818c290623f552cdab00e118327a4ad23574ca7c14a09941088d4 10.49MB / 19.99MB 0.2s
#5 sha256:6d25fc62c2b3e70d09352c2014d1730e483510fccd13f162ef0dcf087de2a099 499B / 499B 0.1s done
#5 sha256:b45fa542b7a8bd2946cc0d73b7cddc5965a2d45375211c0d95abcba36a817920 0B / 18.99kB 0.2s
#5 sha256:a00dbf27579e61001293e0ee09173217b3c0251a0d4890cc7663c8b95fbb1778 2.45kB / 2.45kB 0.2s done
#5 sha256:d132dbf34bcbbba79f47e66f72f35b083bf52fdc8e1524e6d54164a4d3fdc0ca 12.45MB / 12.45MB 0.3s done
#5 sha256:6bb0b8406d0818c290623f552cdab00e118327a4ad23574ca7c14a09941088d4 19.99MB / 19.99MB 0.3s done
#5 sha256:b45fa542b7a8bd2946cc0d73b7cddc5965a2d45375211c0d95abcba36a817920 18.99kB / 18.99kB 0.2s done
#5 extracting sha256:587160738cca0d7e2afbad4e319bf69a2e5e51250de0bbb96546aa3a8754f814 done
#5 extracting sha256:802431d360de8be26d17059e07cf6636e5d549b0beeb9db464d3a916bc093afc done
#5 extracting sha256:d132dbf34bcbbba79f47e66f72f35b083bf52fdc8e1524e6d54164a4d3fdc0ca 0.1s done
#5 extracting sha256:6d25fc62c2b3e70d09352c2014d1730e483510fccd13f162ef0dcf087de2a099
#5 extracting sha256:6d25fc62c2b3e70d09352c2014d1730e483510fccd13f162ef0dcf087de2a099 done
#5 extracting sha256:6bb0b8406d0818c290623f552cdab00e118327a4ad23574ca7c14a09941088d4 0.1s
#5 extracting sha256:6bb0b8406d0818c290623f552cdab00e118327a4ad23574ca7c14a09941088d4 0.6s done
#5 extracting sha256:a00dbf27579e61001293e0ee09173217b3c0251a0d4890cc7663c8b95fbb1778 done
#5 extracting sha256:b45fa542b7a8bd2946cc0d73b7cddc5965a2d45375211c0d95abcba36a817920 done
#5 DONE 1.2s

#7 [2/2] RUN apk add --update --no-cache bash coreutils git make openssh patch unzip zip
#7 0.241 fetch https://dl-cdn.alpinelinux.org/alpine/v3.18/main/x86_64/APKINDEX.tar.gz
#7 0.343 fetch https://dl-cdn.alpinelinux.org/alpine/v3.18/community/x86_64/APKINDEX.tar.gz
#7 0.571 (1/20) Installing bash (5.2.15-r5)
#7 0.599 Executing bash-5.2.15-r5.post-install
#7 0.602 (2/20) Installing libattr (2.5.1-r4)
#7 0.609 (3/20) Installing skalibs (2.13.1.1-r1)
#7 0.618 (4/20) Installing utmps-libs (0.1.2.1-r1)
#7 0.626 (5/20) Installing coreutils (9.3-r1)
#7 0.657 (6/20) Installing libexpat (2.5.0-r1)
#7 0.665 (7/20) Installing pcre2 (10.42-r1)
#7 0.680 (8/20) Installing git (2.40.1-r0)
#7 0.771 (9/20) Installing make (4.4.1-r1)
#7 0.779 (10/20) Installing openssh-keygen (9.3_p2-r0)
#7 0.790 (11/20) Installing libedit (20221030.3.1-r1)
#7 0.798 (12/20) Installing openssh-client-common (9.3_p2-r0)
#7 0.821 (13/20) Installing openssh-client-default (9.3_p2-r0)
#7 0.834 (14/20) Installing openssh-sftp-server (9.3_p2-r0)
#7 0.842 (15/20) Installing openssh-server-common (9.3_p2-r0)
#7 0.854 (16/20) Installing openssh-server (9.3_p2-r0)
#7 0.867 (17/20) Installing openssh (9.3_p2-r0)
#7 0.876 (18/20) Installing patch (2.7.6-r10)
#7 0.884 (19/20) Installing unzip (6.0-r14)
#7 0.895 (20/20) Installing zip (3.0-r12)
#7 0.906 Executing busybox-1.36.1-r2.trigger
#7 0.919 OK: 34 MiB in 57 packages
#7 DONE 1.0s

#8 exporting to image
#8 exporting layers
#8 exporting layers 1.0s done
#8 writing image sha256:18950888c6493c4456324bd43ec0715ff2ca4304a1b86c818a4e7a8c08eed626 done
#8 naming to docker.pkg.github.com/marcosoliveeira1/desafio-api-azapfy/php-actions_composer_desafio-api-azapfy:php-latest-build2.1.0 done
#8 DONE 1.0s
------
 > importing cache manifest from docker.pkg.github.com/marcosoliveeira1/desafio-api-azapfy/php-actions_composer_desafio-api-azapfy:php-latest-build2.1.0:
------
The push refers to repository [docker.pkg.github.com/marcosoliveeira1/desafio-api-azapfy/php-actions_composer_desafio-api-azapfy]
4f4b44bfd6e9: Preparing
e74d29b17354: Preparing
2f963875c0e5: Preparing
9610f22f626f: Preparing
92e1c373dbbf: Preparing
be10506ac9c0: Preparing
b72ffe0f5b4e: Preparing
c023b5a40f2b: Preparing
18c386aa4860: Preparing
cc2447e1835a: Preparing
be10506ac9c0: Waiting
b72ffe0f5b4e: Waiting
c023b5a40f2b: Waiting
18c386aa4860: Waiting
cc2447e1835a: Waiting
denied: installation not allowed to Create organization package
WARNING: Failed to push Docker image to "docker.pkg.github.com/marcosoliveeira1/desafio-api-azapfy/php-actions_composer_desafio-api-azapfy:php-latest-build2.1.0", this is probably due to missing permissions on GitHub.
Will continue as this is just an optimization to improve speed of next build.
Docker tag: docker.pkg.github.com/marcosoliveeira1/desafio-api-azapfy/php-actions_composer_desafio-api-azapfy:php-latest-build2.1.0
No private keys supplied
Command: composer install --no-progress --no-interaction
Skipping env variable PWD
Skipping env variable HOME
Skipping env variable SHLVL
Skipping env variable PATH
